2014-10-25 22:35:23.771 payitforwardapp[6786:466046] DiskCookieStorage changing policy from 2 to 0, cookie file: file:///Users/alangorton/Library/Developer/CoreSimulator/Devices/573A7BCD-775E-4BBB-AADD-19DF3B4D7388/data/Containers/Data/Application/61E0452F-F9CB-4205-AC6E-EBF02730784C/Library/Cookies/Cookies.binarycookies
2014-10-25 22:35:23.877 payitforwardapp[6786:466046] Apache Cordova native platform version 3.6.3 is starting.
2014-10-25 22:35:23.878 payitforwardapp[6786:466046] Multi-tasking -> Device: YES, App: YES
2014-10-25 22:35:23.886 payitforwardapp[6786:466046] Unlimited access to network resources
2014-10-25 22:35:24.083 payitforwardapp[6786:466046] [CDVTimer][socialsharing] 57.767034ms
2014-10-25 22:35:24.083 payitforwardapp[6786:466046] [CDVTimer][TotalPluginStartup] 58.019996ms
2014-10-25 22:35:24.204 payitforwardapp[6786:466046] Resetting plugins due to page load.
2014-10-25 22:35:24.431 payitforwardapp[6786:466046] Finished load of: file:///Users/alangorton/Library/Developer/CoreSimulator/Devices/573A7BCD-775E-4BBB-AADD-19DF3B4D7388/data/Containers/Bundle/Application/CE14ECB7-35C4-4183-B68E-9677BE15B43D/payitforwardapp.app/www/index.html#/app/what
2014-10-25 22:36:05.229 payitforwardapp[7231:468233] DiskCookieStorage changing policy from 2 to 0, cookie file: file:///Users/alangorton/Library/Developer/CoreSimulator/Devices/573A7BCD-775E-4BBB-AADD-19DF3B4D7388/data/Containers/Data/Application/90FE6791-8451-464E-A1A2-09ACBB24EF92/Library/Cookies/Cookies.binarycookies
2014-10-25 22:36:05.325 payitforwardapp[7231:468233] Apache Cordova native platform version 3.6.3 is starting.
2014-10-25 22:36:05.327 payitforwardapp[7231:468233] Multi-tasking -> Device: YES, App: YES
2014-10-25 22:36:05.335 payitforwardapp[7231:468233] Unlimited access to network resources
2014-10-25 22:36:05.516 payitforwardapp[7231:468233] [CDVTimer][socialsharing] 53.990006ms
2014-10-25 22:36:05.516 payitforwardapp[7231:468233] [CDVTimer][TotalPluginStartup] 54.212034ms
2014-10-25 22:36:05.578 payitforwardapp[7231:468233] Resetting plugins due to page load.
2014-10-25 22:36:05.811 payitforwardapp[7231:468233] Finished load of: file:///Users/alangorton/Library/Developer/CoreSimulator/Devices/573A7BCD-775E-4BBB-AADD-19DF3B4D7388/data/Containers/Bundle/Application/F999B9EB-0C75-4DCB-9665-7F216706D413/payitforwardapp.app/www/index.html#/app/browse
2014-10-25 22:36:10.444 payitforwardapp[7231:468233] Exception - Name: NSRangeException Reason: *** -[__NSArrayM objectAtIndex:]: index 0 beyond bounds for empty array
2014-10-25 22:36:10.518 payitforwardapp[7231:468233] THREAD WARNING: ['Contacts'] took '80.791016' ms. Plugin should use a background thread.
2014-10-25 22:36:15.225 payitforwardapp[7231:468233] Exception - Name: NSRangeException Reason: *** -[__NSArrayM objectAtIndex:]: index 0 beyond bounds for empty array
2014-10-25 22:36:20.585 payitforwardapp[7231:468233] Exception - Name: NSRangeException Reason: *** -[__NSArrayM objectAtIndex:]: index 0 beyond bounds for empty array
2014-10-25 22:37:29.464 payitforwardapp[7231:468233] Exception - Name: NSRangeException Reason: *** -[__NSArrayM objectAtIndex:]: index 0 beyond bounds for empty array
2014-10-25 22:37:34.540 payitforwardapp[7231:468233] Exception - Name: NSRangeException Reason: *** -[__NSArrayM objectAtIndex:]: index 0 beyond bounds for empty array
2014-10-25 22:37:37.464 payitforwardapp[7231:468233] Exception - Name: NSRangeException Reason: *** -[__NSArrayM objectAtIndex:]: index 0 beyond bounds for empty array
2014-10-25 22:37:38.062 payitforwardapp[7231:468233] Warning: Attempt to dismiss from view controller <MainViewController: 0x79f51ce0> while a presentation or dismiss is in progress!
